Determining if the pthread_create exist failed with the following output:
Change Dir: /home/wzm/coverage_path_planning_ros_sweeper/build/CMakeFiles/CMakeTmp

Run Build Command:"/usr/bin/make" "cmTC_722ae/fast"
/usr/bin/make -f CMakeFiles/cmTC_722ae.dir/build.make CMakeFiles/cmTC_722ae.dir/build
make[1]: Entering directory '/home/wzm/coverage_path_planning_ros_sweeper/build/CMakeFiles/CMakeTmp'
Building C object CMakeFiles/cmTC_722ae.dir/CheckSymbolExists.c.o
/usr/bin/cc     -o CMakeFiles/cmTC_722ae.dir/CheckSymbolExists.c.o   -c /home/wzm/coverage_path_planning_ros_sweeper/build/CMakeFiles/CMakeTmp/CheckSymbolExists.c
Linking C executable cmTC_722ae
/usr/bin/cmake -E cmake_link_script CMakeFiles/cmTC_722ae.dir/link.txt --verbose=1
/usr/bin/cc       CMakeFiles/cmTC_722ae.dir/CheckSymbolExists.c.o  -o cmTC_722ae -rdynamic 
CMakeFiles/cmTC_722ae.dir/CheckSymbolExists.c.o: In function `main':
CheckSymbolExists.c:(.text+0x16): undefined reference to `pthread_create'
collect2: error: ld returned 1 exit status
CMakeFiles/cmTC_722ae.dir/build.make:97: recipe for target 'cmTC_722ae' failed
make[1]: *** [cmTC_722ae] Error 1
make[1]: Leaving directory '/home/wzm/coverage_path_planning_ros_sweeper/build/CMakeFiles/CMakeTmp'
Makefile:126: recipe for target 'cmTC_722ae/fast' failed
make: *** [cmTC_722ae/fast] Error 2

File /home/wzm/coverage_path_planning_ros_sweeper/build/CMakeFiles/CMakeTmp/CheckSymbolExists.c:
/* */
#include <pthread.h>

int main(int argc, char** argv)
{
  (void)argv;
#ifndef pthread_create
  return ((int*)(&pthread_create))[argc];
#else
  (void)argc;
  return 0;
#endif
}

Determining if the function pthread_create exists in the pthreads failed with the following output:
Change Dir: /home/wzm/coverage_path_planning_ros_sweeper/build/CMakeFiles/CMakeTmp

Run Build Command:"/usr/bin/make" "cmTC_408b4/fast"
/usr/bin/make -f CMakeFiles/cmTC_408b4.dir/build.make CMakeFiles/cmTC_408b4.dir/build
make[1]: Entering directory '/home/wzm/coverage_path_planning_ros_sweeper/build/CMakeFiles/CMakeTmp'
Building C object CMakeFiles/cmTC_408b4.dir/CheckFunctionExists.c.o
/usr/bin/cc    -DCHECK_FUNCTION_EXISTS=pthread_create   -o CMakeFiles/cmTC_408b4.dir/CheckFunctionExists.c.o   -c /usr/share/cmake-3.5/Modules/CheckFunctionExists.c
Linking C executable cmTC_408b4
/usr/bin/cmake -E cmake_link_script CMakeFiles/cmTC_408b4.dir/link.txt --verbose=1
/usr/bin/cc   -DCHECK_FUNCTION_EXISTS=pthread_create    CMakeFiles/cmTC_408b4.dir/CheckFunctionExists.c.o  -o cmTC_408b4 -rdynamic -lpthreads 
/usr/bin/ld: cannot find -lpthreads
collect2: error: ld returned 1 exit status
CMakeFiles/cmTC_408b4.dir/build.make:97: recipe for target 'cmTC_408b4' failed
make[1]: *** [cmTC_408b4] Error 1
make[1]: Leaving directory '/home/wzm/coverage_path_planning_ros_sweeper/build/CMakeFiles/CMakeTmp'
Makefile:126: recipe for target 'cmTC_408b4/fast' failed
make: *** [cmTC_408b4/fast] Error 2


