Determining if the pthread_create exist failed with the following output:
Change Dir: /home/wzm/rrt_ros_exploration/build/CMakeFiles/CMakeTmp

Run Build Command:"/usr/bin/make" "cmTC_a37aa/fast"
/usr/bin/make -f CMakeFiles/cmTC_a37aa.dir/build.make CMakeFiles/cmTC_a37aa.dir/build
make[1]: Entering directory '/home/wzm/rrt_ros_exploration/build/CMakeFiles/CMakeTmp'
Building C object CMakeFiles/cmTC_a37aa.dir/CheckSymbolExists.c.o
/usr/bin/cc     -o CMakeFiles/cmTC_a37aa.dir/CheckSymbolExists.c.o   -c /home/wzm/rrt_ros_exploration/build/CMakeFiles/CMakeTmp/CheckSymbolExists.c
Linking C executable cmTC_a37aa
/usr/bin/cmake -E cmake_link_script CMakeFiles/cmTC_a37aa.dir/link.txt --verbose=1
/usr/bin/cc       CMakeFiles/cmTC_a37aa.dir/CheckSymbolExists.c.o  -o cmTC_a37aa -rdynamic 
CMakeFiles/cmTC_a37aa.dir/CheckSymbolExists.c.o: In function `main':
CheckSymbolExists.c:(.text+0x16): undefined reference to `pthread_create'
collect2: error: ld returned 1 exit status
CMakeFiles/cmTC_a37aa.dir/build.make:97: recipe for target 'cmTC_a37aa' failed
make[1]: *** [cmTC_a37aa] Error 1
make[1]: Leaving directory '/home/wzm/rrt_ros_exploration/build/CMakeFiles/CMakeTmp'
Makefile:126: recipe for target 'cmTC_a37aa/fast' failed
make: *** [cmTC_a37aa/fast] Error 2

File /home/wzm/rrt_ros_exploration/build/CMakeFiles/CMakeTmp/CheckSymbolExists.c:
/* */
#include <pthread.h>

int main(int argc, char** argv)
{
  (void)argv;
#ifndef pthread_create
  return ((int*)(&pthread_create))[argc];
#else
  (void)argc;
  return 0;
#endif
}

Determining if the function pthread_create exists in the pthreads failed with the following output:
Change Dir: /home/wzm/rrt_ros_exploration/build/CMakeFiles/CMakeTmp

Run Build Command:"/usr/bin/make" "cmTC_23c9b/fast"
/usr/bin/make -f CMakeFiles/cmTC_23c9b.dir/build.make CMakeFiles/cmTC_23c9b.dir/build
make[1]: Entering directory '/home/wzm/rrt_ros_exploration/build/CMakeFiles/CMakeTmp'
Building C object CMakeFiles/cmTC_23c9b.dir/CheckFunctionExists.c.o
/usr/bin/cc    -DCHECK_FUNCTION_EXISTS=pthread_create   -o CMakeFiles/cmTC_23c9b.dir/CheckFunctionExists.c.o   -c /usr/share/cmake-3.5/Modules/CheckFunctionExists.c
Linking C executable cmTC_23c9b
/usr/bin/cmake -E cmake_link_script CMakeFiles/cmTC_23c9b.dir/link.txt --verbose=1
/usr/bin/cc   -DCHECK_FUNCTION_EXISTS=pthread_create    CMakeFiles/cmTC_23c9b.dir/CheckFunctionExists.c.o  -o cmTC_23c9b -rdynamic -lpthreads 
/usr/bin/ld: cannot find -lpthreads
collect2: error: ld returned 1 exit status
CMakeFiles/cmTC_23c9b.dir/build.make:97: recipe for target 'cmTC_23c9b' failed
make[1]: *** [cmTC_23c9b] Error 1
make[1]: Leaving directory '/home/wzm/rrt_ros_exploration/build/CMakeFiles/CMakeTmp'
Makefile:126: recipe for target 'cmTC_23c9b/fast' failed
make: *** [cmTC_23c9b/fast] Error 2


